# JRE version: Java(TM) SE Runtime Environment (8.0_25-b17) (build 1.8.0_25-b17)
# Java VM: Java HotSpot(TM) 64-Bit Server VM (25.25-b02 mixed mode bsd-amd64 compressed oops)
Heap:
 PSYoungGen      total 76288K, used 34674K [0x000000076ab00000, 0x0000000773e80000, 0x00000007c0000000)
  eden space 65536K, 42% used [0x000000076ab00000,0x000000076c5e5df0,0x000000076eb00000)
  from space 10752K, 66% used [0x000000076eb00000,0x000000076f1f6d58,0x000000076f580000)
  to   space 10752K, 0% used [0x0000000773400000,0x0000000773400000,0x0000000773e80000)
 ParOldGen       total 263168K, used 98189K [0x00000006c0000000, 0x00000006d0100000, 0x000000076ab00000)
  object space 263168K, 37% used [0x00000006c0000000,0x00000006c5fe3698,0x00000006d0100000)
 Metaspace       used 25383K, capacity 25718K, committed 26112K, reserved 1073152K
  class space    used 3204K, capacity 3261K, committed 3328K, reserved 1048576K
GC Heap History (10 events):
Event: 2.942 GC heap before
{Heap before GC invocations=1 (full 0):
 PSYoungGen      total 76288K, used 61761K [0x000000076ab00000, 0x0000000770000000, 0x00000007c0000000)
  eden space 65536K, 94% used [0x000000076ab00000,0x000000076e750648,0x000000076eb00000)
  from space 10752K, 0% used [0x000000076f580000,0x000000076f580000,0x0000000770000000)
  to   space 10752K, 0% used [0x000000076eb00000,0x000000076eb00000,0x000000076f580000)
 ParOldGen       total 175104K, used 0K [0x00000006c0000000, 0x00000006cab00000, 0x000000076ab00000)
  object space 175104K, 0% used [0x00000006c0000000,0x00000006c0000000,0x00000006cab00000)
 Metaspace       used 20724K, capacity 20996K, committed 21248K, reserved 1067008K
  class space    used 2645K, capacity 2704K, committed 2816K, reserved 1048576K
Event: 2.948 GC heap after
Heap after GC invocations=1 (full 0):
 PSYoungGen      total 76288K, used 6308K [0x000000076ab00000, 0x0000000770000000, 0x00000007c0000000)
  eden space 65536K, 0% used [0x000000076ab00000,0x000000076ab00000,0x000000076eb00000)
  from space 10752K, 58% used [0x000000076eb00000,0x000000076f129098,0x000000076f580000)
  to   space 10752K, 0% used [0x000000076f580000,0x000000076f580000,0x0000000770000000)
 ParOldGen       total 175104K, used 16K [0x00000006c0000000, 0x00000006cab00000, 0x000000076ab00000)
  object space 175104K, 0% used [0x00000006c0000000,0x00000006c0004000,0x00000006cab00000)
 Metaspace       used 20724K, capacity 20996K, committed 21248K, reserved 1067008K
  class space    used 2645K, capacity 2704K, committed 2816K, reserved 1048576K
}
Event: 2.948 GC heap before
{Heap before GC invocations=2 (full 1):
 PSYoungGen      total 76288K, used 6308K [0x000000076ab00000, 0x0000000770000000, 0x00000007c0000000)
  eden space 65536K, 0% used [0x000000076ab00000,0x000000076ab00000,0x000000076eb00000)
  from space 10752K, 58% used [0x000000076eb00000,0x000000076f129098,0x000000076f580000)
  to   space 10752K, 0% used [0x000000076f580000,0x000000076f580000,0x0000000770000000)
 ParOldGen       total 175104K, used 16K [0x00000006c0000000, 0x00000006cab00000, 0x000000076ab00000)
  object space 175104K, 0% used [0x00000006c0000000,0x00000006c0004000,0x00000006cab00000)
 Metaspace       used 20724K, capacity 20996K, committed 21248K, reserved 1067008K
  class space    used 2645K, capacity 2704K, committed 2816K, reserved 1048576K
Event: 2.972 GC heap after
Heap after GC invocations=2 (full 1):
 PSYoungGen      total 76288K, used 0K [0x000000076ab00000, 0x0000000770000000, 0x00000007c0000000)
  eden space 65536K, 0% used [0x000000076ab00000,0x000000076ab00000,0x000000076eb00000)
  from space 10752K, 0% used [0x000000076eb00000,0x000000076eb00000,0x000000076f580000)
  to   space 10752K, 0% used [0x000000076f580000,0x000000076f580000,0x0000000770000000)
 ParOldGen       total 71680K, used 6048K [0x00000006c0000000, 0x00000006c4600000, 0x000000076ab00000)
  object space 71680K, 8% used [0x00000006c0000000,0x00000006c05e8228,0x00000006c4600000)
 Metaspace       used 20722K, capacity 20994K, committed 21248K, reserved 1067008K
  class space    used 2644K, capacity 2703K, committed 2816K, reserved 1048576K
}
Event: 4.019 GC heap before
{Heap before GC invocations=3 (full 1):
 PSYoungGen      total 76288K, used 65536K [0x000000076ab00000, 0x0000000770000000, 0x00000007c0000000)
  eden space 65536K, 100% used [0x000000076ab00000,0x000000076eb00000,0x000000076eb00000)
  from space 10752K, 0% used [0x000000076eb00000,0x000000076eb00000,0x000000076f580000)
  to   space 10752K, 0% used [0x000000076f580000,0x000000076f580000,0x0000000770000000)
 ParOldGen       total 71680K, used 6048K [0x00000006c0000000, 0x00000006c4600000, 0x000000076ab00000)
  object space 71680K, 8% used [0x00000006c0000000,0x00000006c05e8228,0x00000006c4600000)
 Metaspace       used 23629K, capacity 23906K, committed 24320K, reserved 1071104K
  class space    used 2937K, capacity 2991K, committed 3072K, reserved 1048576K
Event: 4.040 GC heap after
Heap after GC invocations=3 (full 1):
 PSYoungGen      total 76288K, used 10720K [0x000000076ab00000, 0x0000000772480000, 0x00000007c0000000)
  eden space 65536K, 0% used [0x000000076ab00000,0x000000076ab00000,0x000000076eb00000)
  from space 10752K, 99% used [0x000000076f580000,0x000000076fff8318,0x0000000770000000)
  to   space 10752K, 0% used [0x000000076eb00000,0x000000076eb00000,0x000000076f580000)
 ParOldGen       total 71680K, used 33349K [0x00000006c0000000, 0x00000006c4600000, 0x000000076ab00000)
  object space 71680K, 46% used [0x00000006c0000000,0x00000006c20917b8,0x00000006c4600000)
 Metaspace       used 23629K, capacity 23906K, committed 24320K, reserved 1071104K
  class space    used 2937K, capacity 2991K, committed 3072K, reserved 1048576K
}
Event: 4.051 GC heap before
{Heap before GC invocations=4 (full 1):
 PSYoungGen      total 76288K, used 76256K [0x000000076ab00000, 0x0000000772480000, 0x00000007c0000000)
  eden space 65536K, 100% used [0x000000076ab00000,0x000000076eb00000,0x000000076eb00000)
  from space 10752K, 99% used [0x000000076f580000,0x000000076fff8318,0x0000000770000000)
  to   space 10752K, 0% used [0x000000076eb00000,0x000000076eb00000,0x000000076f580000)
 ParOldGen       total 71680K, used 33349K [0x00000006c0000000, 0x00000006c4600000, 0x000000076ab00000)
  object space 71680K, 46% used [0x00000006c0000000,0x00000006c20917b8,0x00000006c4600000)
 Metaspace       used 23630K, capacity 23906K, committed 24320K, reserved 1071104K
  class space    used 2937K, capacity 2991K, committed 3072K, reserved 1048576K
Event: 4.090 GC heap after
Heap after GC invocations=4 (full 1):
 PSYoungGen      total 76288K, used 10722K [0x000000076ab00000, 0x0000000773e80000, 0x00000007c0000000)
  eden space 65536K, 0% used [0x000000076ab00000,0x000000076ab00000,0x000000076eb00000)
  from space 10752K, 99% used [0x000000076eb00000,0x000000076f578a08,0x000000076f580000)
  to   space 10752K, 0% used [0x0000000773400000,0x0000000773400000,0x0000000773e80000)
 ParOldGen       total 98304K, used 97917K [0x00000006c0000000, 0x00000006c6000000, 0x000000076ab00000)
  object space 98304K, 99% used [0x00000006c0000000,0x00000006c5f9f7b8,0x00000006c6000000)
 Metaspace       used 23630K, capacity 23906K, committed 24320K, reserved 1071104K
  class space    used 2937K, capacity 2991K, committed 3072K, reserved 1048576K
}
Event: 4.090 GC heap before
{Heap before GC invocations=5 (full 2):
 PSYoungGen      total 76288K, used 10722K [0x000000076ab00000, 0x0000000773e80000, 0x00000007c0000000)
  eden space 65536K, 0% used [0x000000076ab00000,0x000000076ab00000,0x000000076eb00000)
  from space 10752K, 99% used [0x000000076eb00000,0x000000076f578a08,0x000000076f580000)
  to   space 10752K, 0% used [0x0000000773400000,0x0000000773400000,0x0000000773e80000)
 ParOldGen       total 98304K, used 97917K [0x00000006c0000000, 0x00000006c6000000, 0x000000076ab00000)
  object space 98304K, 99% used [0x00000006c0000000,0x00000006c5f9f7b8,0x00000006c6000000)
 Metaspace       used 23630K, capacity 23906K, committed 24320K, reserved 1071104K
  class space    used 2937K, capacity 2991K, committed 3072K, reserved 1048576K
Event: 4.448 GC heap after
Heap after GC invocations=5 (full 2):
 PSYoungGen      total 76288K, used 7131K [0x000000076ab00000, 0x0000000773e80000, 0x00000007c0000000)
  eden space 65536K, 0% used [0x000000076ab00000,0x000000076ab00000,0x000000076eb00000)
  from space 10752K, 66% used [0x000000076eb00000,0x000000076f1f6d58,0x000000076f580000)
  to   space 10752K, 0% used [0x0000000773400000,0x0000000773400000,0x0000000773e80000)
 ParOldGen       total 263168K, used 98189K [0x00000006c0000000, 0x00000006d0100000, 0x000000076ab00000)
  object space 263168K, 37% used [0x00000006c0000000,0x00000006c5fe3698,0x00000006d0100000)
 Metaspace       used 23630K, capacity 23906K, committed 24320K, reserved 1071104K
  class space    used 2937K, capacity 2991K, committed 3072K, reserved 1048576K
}

