# JRE version: Java(TM) SE Runtime Environment (8.0_25-b17) (build 1.8.0_25-b17)
# Java VM: Java HotSpot(TM) 64-Bit Server VM (25.25-b02 mixed mode bsd-amd64 compressed oops)
Heap:
 PSYoungGen      total 76288K, used 27481K [0x000000076ab00000, 0x0000000773e80000, 0x00000007c0000000)
  eden space 65536K, 41% used [0x000000076ab00000,0x000000076c5d6688,0x000000076eb00000)
  from space 10752K, 0% used [0x000000076eb00000,0x000000076eb00000,0x000000076f580000)
  to   space 10752K, 0% used [0x0000000773400000,0x0000000773400000,0x0000000773e80000)
 ParOldGen       total 339456K, used 105002K [0x00000006c0000000, 0x00000006d4b80000, 0x000000076ab00000)
  object space 339456K, 30% used [0x00000006c0000000,0x00000006c668a9d8,0x00000006d4b80000)
 Metaspace       used 25372K, capacity 25654K, committed 25856K, reserved 1071104K
  class space    used 3204K, capacity 3261K, committed 3328K, reserved 1048576K
GC Heap History (10 events):
Event: 2.895 GC heap before
{Heap before GC invocations=1 (full 0):
 PSYoungGen      total 76288K, used 61633K [0x000000076ab00000, 0x0000000770000000, 0x00000007c0000000)
  eden space 65536K, 94% used [0x000000076ab00000,0x000000076e730628,0x000000076eb00000)
  from space 10752K, 0% used [0x000000076f580000,0x000000076f580000,0x0000000770000000)
  to   space 10752K, 0% used [0x000000076eb00000,0x000000076eb00000,0x000000076f580000)
 ParOldGen       total 175104K, used 0K [0x00000006c0000000, 0x00000006cab00000, 0x000000076ab00000)
  object space 175104K, 0% used [0x00000006c0000000,0x00000006c0000000,0x00000006cab00000)
 Metaspace       used 20730K, capacity 20996K, committed 21248K, reserved 1067008K
  class space    used 2647K, capacity 2704K, committed 2816K, reserved 1048576K
Event: 2.902 GC heap after
Heap after GC invocations=1 (full 0):
 PSYoungGen      total 76288K, used 6374K [0x000000076ab00000, 0x0000000770000000, 0x00000007c0000000)
  eden space 65536K, 0% used [0x000000076ab00000,0x000000076ab00000,0x000000076eb00000)
  from space 10752K, 59% used [0x000000076eb00000,0x000000076f139be8,0x000000076f580000)
  to   space 10752K, 0% used [0x000000076f580000,0x000000076f580000,0x0000000770000000)
 ParOldGen       total 175104K, used 16K [0x00000006c0000000, 0x00000006cab00000, 0x000000076ab00000)
  object space 175104K, 0% used [0x00000006c0000000,0x00000006c0004000,0x00000006cab00000)
 Metaspace       used 20730K, capacity 20996K, committed 21248K, reserved 1067008K
  class space    used 2647K, capacity 2704K, committed 2816K, reserved 1048576K
}
Event: 2.902 GC heap before
{Heap before GC invocations=2 (full 1):
 PSYoungGen      total 76288K, used 6374K [0x000000076ab00000, 0x0000000770000000, 0x00000007c0000000)
  eden space 65536K, 0% used [0x000000076ab00000,0x000000076ab00000,0x000000076eb00000)
  from space 10752K, 59% used [0x000000076eb00000,0x000000076f139be8,0x000000076f580000)
  to   space 10752K, 0% used [0x000000076f580000,0x000000076f580000,0x0000000770000000)
 ParOldGen       total 175104K, used 16K [0x00000006c0000000, 0x00000006cab00000, 0x000000076ab00000)
  object space 175104K, 0% used [0x00000006c0000000,0x00000006c0004000,0x00000006cab00000)
 Metaspace       used 20730K, capacity 20996K, committed 21248K, reserved 1067008K
  class space    used 2647K, capacity 2704K, committed 2816K, reserved 1048576K
Event: 2.926 GC heap after
Heap after GC invocations=2 (full 1):
 PSYoungGen      total 76288K, used 0K [0x000000076ab00000, 0x0000000770000000, 0x00000007c0000000)
  eden space 65536K, 0% used [0x000000076ab00000,0x000000076ab00000,0x000000076eb00000)
  from space 10752K, 0% used [0x000000076eb00000,0x000000076eb00000,0x000000076f580000)
  to   space 10752K, 0% used [0x000000076f580000,0x000000076f580000,0x0000000770000000)
 ParOldGen       total 124416K, used 6049K [0x00000006c0000000, 0x00000006c7980000, 0x000000076ab00000)
  object space 124416K, 4% used [0x00000006c0000000,0x00000006c05e8540,0x00000006c7980000)
 Metaspace       used 20728K, capacity 20994K, committed 21248K, reserved 1067008K
  class space    used 2646K, capacity 2703K, committed 2816K, reserved 1048576K
}
Event: 3.977 GC heap before
{Heap before GC invocations=3 (full 1):
 PSYoungGen      total 76288K, used 65536K [0x000000076ab00000, 0x0000000770000000, 0x00000007c0000000)
  eden space 65536K, 100% used [0x000000076ab00000,0x000000076eb00000,0x000000076eb00000)
  from space 10752K, 0% used [0x000000076eb00000,0x000000076eb00000,0x000000076f580000)
  to   space 10752K, 0% used [0x000000076f580000,0x000000076f580000,0x0000000770000000)
 ParOldGen       total 124416K, used 6049K [0x00000006c0000000, 0x00000006c7980000, 0x000000076ab00000)
  object space 124416K, 4% used [0x00000006c0000000,0x00000006c05e8540,0x00000006c7980000)
 Metaspace       used 23637K, capacity 23906K, committed 24320K, reserved 1071104K
  class space    used 2939K, capacity 2991K, committed 3072K, reserved 1048576K
Event: 3.997 GC heap after
Heap after GC invocations=3 (full 1):
 PSYoungGen      total 76288K, used 10720K [0x000000076ab00000, 0x0000000772380000, 0x00000007c0000000)
  eden space 65536K, 0% used [0x000000076ab00000,0x000000076ab00000,0x000000076eb00000)
  from space 10752K, 99% used [0x000000076f580000,0x000000076fff8318,0x0000000770000000)
  to   space 10752K, 0% used [0x000000076eb00000,0x000000076eb00000,0x000000076f580000)
 ParOldGen       total 124416K, used 33073K [0x00000006c0000000, 0x00000006c7980000, 0x000000076ab00000)
  object space 124416K, 26% used [0x00000006c0000000,0x00000006c204c4e0,0x00000006c7980000)
 Metaspace       used 23637K, capacity 23906K, committed 24320K, reserved 1071104K
  class space    used 2939K, capacity 2991K, committed 3072K, reserved 1048576K
}
Event: 4.009 GC heap before
{Heap before GC invocations=4 (full 1):
 PSYoungGen      total 76288K, used 76256K [0x000000076ab00000, 0x0000000772380000, 0x00000007c0000000)
  eden space 65536K, 100% used [0x000000076ab00000,0x000000076eb00000,0x000000076eb00000)
  from space 10752K, 99% used [0x000000076f580000,0x000000076fff8318,0x0000000770000000)
  to   space 10752K, 0% used [0x000000076eb00000,0x000000076eb00000,0x000000076f580000)
 ParOldGen       total 124416K, used 33073K [0x00000006c0000000, 0x00000006c7980000, 0x000000076ab00000)
  object space 124416K, 26% used [0x00000006c0000000,0x00000006c204c4e0,0x00000006c7980000)
 Metaspace       used 23637K, capacity 23906K, committed 24320K, reserved 1071104K
  class space    used 2939K, capacity 2991K, committed 3072K, reserved 1048576K
Event: 4.047 GC heap after
Heap after GC invocations=4 (full 1):
 PSYoungGen      total 76288K, used 10722K [0x000000076ab00000, 0x0000000773e80000, 0x00000007c0000000)
  eden space 65536K, 0% used [0x000000076ab00000,0x000000076ab00000,0x000000076eb00000)
  from space 10752K, 99% used [0x000000076eb00000,0x000000076f578a08,0x000000076f580000)
  to   space 10752K, 0% used [0x0000000773400000,0x0000000773400000,0x0000000773e80000)
 ParOldGen       total 124416K, used 97625K [0x00000006c0000000, 0x00000006c7980000, 0x000000076ab00000)
  object space 124416K, 78% used [0x00000006c0000000,0x00000006c5f564e0,0x00000006c7980000)
 Metaspace       used 23637K, capacity 23906K, committed 24320K, reserved 1071104K
  class space    used 2939K, capacity 2991K, committed 3072K, reserved 1048576K
}
Event: 4.047 GC heap before
{Heap before GC invocations=5 (full 2):
 PSYoungGen      total 76288K, used 10722K [0x000000076ab00000, 0x0000000773e80000, 0x00000007c0000000)
  eden space 65536K, 0% used [0x000000076ab00000,0x000000076ab00000,0x000000076eb00000)
  from space 10752K, 99% used [0x000000076eb00000,0x000000076f578a08,0x000000076f580000)
  to   space 10752K, 0% used [0x0000000773400000,0x0000000773400000,0x0000000773e80000)
 ParOldGen       total 124416K, used 97625K [0x00000006c0000000, 0x00000006c7980000, 0x000000076ab00000)
  object space 124416K, 78% used [0x00000006c0000000,0x00000006c5f564e0,0x00000006c7980000)
 Metaspace       used 23637K, capacity 23906K, committed 24320K, reserved 1071104K
  class space    used 2939K, capacity 2991K, committed 3072K, reserved 1048576K
Event: 4.387 GC heap after
Heap after GC invocations=5 (full 2):
 PSYoungGen      total 76288K, used 0K [0x000000076ab00000, 0x0000000773e80000, 0x00000007c0000000)
  eden space 65536K, 0% used [0x000000076ab00000,0x000000076ab00000,0x000000076eb00000)
  from space 10752K, 0% used [0x000000076eb00000,0x000000076eb00000,0x000000076f580000)
  to   space 10752K, 0% used [0x0000000773400000,0x0000000773400000,0x0000000773e80000)
 ParOldGen       total 339456K, used 105002K [0x00000006c0000000, 0x00000006d4b80000, 0x000000076ab00000)
  object space 339456K, 30% used [0x00000006c0000000,0x00000006c668a9d8,0x00000006d4b80000)
 Metaspace       used 23637K, capacity 23906K, committed 24320K, reserved 1071104K
  class space    used 2939K, capacity 2991K, committed 3072K, reserved 1048576K
}

