# JRE version: Java(TM) SE Runtime Environment (8.0_25-b17) (build 1.8.0_25-b17)
# Java VM: Java HotSpot(TM) 64-Bit Server VM (25.25-b02 mixed mode bsd-amd64 compressed oops)
Heap:
 PSYoungGen      total 76288K, used 30911K [0x000000076ab00000, 0x0000000773f00000, 0x00000007c0000000)
  eden space 65536K, 40% used [0x000000076ab00000,0x000000076c538838,0x000000076eb00000)
  from space 10752K, 37% used [0x000000076eb00000,0x000000076eef7530,0x000000076f580000)
  to   space 10752K, 0% used [0x0000000773480000,0x0000000773480000,0x0000000773f00000)
 ParOldGen       total 266752K, used 101983K [0x00000006c0000000, 0x00000006d0480000, 0x000000076ab00000)
  object space 266752K, 38% used [0x00000006c0000000,0x00000006c6397f10,0x00000006d0480000)
 Metaspace       used 25329K, capacity 25654K, committed 25856K, reserved 1071104K
  class space    used 3200K, capacity 3261K, committed 3328K, reserved 1048576K
GC Heap History (10 events):
Event: 4.506 GC heap before
{Heap before GC invocations=1 (full 0):
 PSYoungGen      total 76288K, used 62945K [0x000000076ab00000, 0x0000000770000000, 0x00000007c0000000)
  eden space 65536K, 96% used [0x000000076ab00000,0x000000076e878658,0x000000076eb00000)
  from space 10752K, 0% used [0x000000076f580000,0x000000076f580000,0x0000000770000000)
  to   space 10752K, 0% used [0x000000076eb00000,0x000000076eb00000,0x000000076f580000)
 ParOldGen       total 175104K, used 0K [0x00000006c0000000, 0x00000006cab00000, 0x000000076ab00000)
  object space 175104K, 0% used [0x00000006c0000000,0x00000006c0000000,0x00000006cab00000)
 Metaspace       used 20769K, capacity 20996K, committed 21248K, reserved 1067008K
  class space    used 2649K, capacity 2704K, committed 2816K, reserved 1048576K
Event: 4.512 GC heap after
Heap after GC invocations=1 (full 0):
 PSYoungGen      total 76288K, used 6465K [0x000000076ab00000, 0x0000000770000000, 0x00000007c0000000)
  eden space 65536K, 0% used [0x000000076ab00000,0x000000076ab00000,0x000000076eb00000)
  from space 10752K, 60% used [0x000000076eb00000,0x000000076f1506f0,0x000000076f580000)
  to   space 10752K, 0% used [0x000000076f580000,0x000000076f580000,0x0000000770000000)
 ParOldGen       total 175104K, used 16K [0x00000006c0000000, 0x00000006cab00000, 0x000000076ab00000)
  object space 175104K, 0% used [0x00000006c0000000,0x00000006c0004000,0x00000006cab00000)
 Metaspace       used 20769K, capacity 20996K, committed 21248K, reserved 1067008K
  class space    used 2649K, capacity 2704K, committed 2816K, reserved 1048576K
}
Event: 4.512 GC heap before
{Heap before GC invocations=2 (full 1):
 PSYoungGen      total 76288K, used 6465K [0x000000076ab00000, 0x0000000770000000, 0x00000007c0000000)
  eden space 65536K, 0% used [0x000000076ab00000,0x000000076ab00000,0x000000076eb00000)
  from space 10752K, 60% used [0x000000076eb00000,0x000000076f1506f0,0x000000076f580000)
  to   space 10752K, 0% used [0x000000076f580000,0x000000076f580000,0x0000000770000000)
 ParOldGen       total 175104K, used 16K [0x00000006c0000000, 0x00000006cab00000, 0x000000076ab00000)
  object space 175104K, 0% used [0x00000006c0000000,0x00000006c0004000,0x00000006cab00000)
 Metaspace       used 20769K, capacity 20996K, committed 21248K, reserved 1067008K
  class space    used 2649K, capacity 2704K, committed 2816K, reserved 1048576K
Event: 4.536 GC heap after
Heap after GC invocations=2 (full 1):
 PSYoungGen      total 76288K, used 0K [0x000000076ab00000, 0x0000000770000000, 0x00000007c0000000)
  eden space 65536K, 0% used [0x000000076ab00000,0x000000076ab00000,0x000000076eb00000)
  from space 10752K, 0% used [0x000000076eb00000,0x000000076eb00000,0x000000076f580000)
  to   space 10752K, 0% used [0x000000076f580000,0x000000076f580000,0x0000000770000000)
 ParOldGen       total 71680K, used 6093K [0x00000006c0000000, 0x00000006c4600000, 0x000000076ab00000)
  object space 71680K, 8% used [0x00000006c0000000,0x00000006c05f35d8,0x00000006c4600000)
 Metaspace       used 20767K, capacity 20994K, committed 21248K, reserved 1067008K
  class space    used 2648K, capacity 2703K, committed 2816K, reserved 1048576K
}
Event: 5.583 GC heap before
{Heap before GC invocations=3 (full 1):
 PSYoungGen      total 76288K, used 65536K [0x000000076ab00000, 0x0000000770000000, 0x00000007c0000000)
  eden space 65536K, 100% used [0x000000076ab00000,0x000000076eb00000,0x000000076eb00000)
  from space 10752K, 0% used [0x000000076eb00000,0x000000076eb00000,0x000000076f580000)
  to   space 10752K, 0% used [0x000000076f580000,0x000000076f580000,0x0000000770000000)
 ParOldGen       total 71680K, used 6093K [0x00000006c0000000, 0x00000006c4600000, 0x000000076ab00000)
  object space 71680K, 8% used [0x00000006c0000000,0x00000006c05f35d8,0x00000006c4600000)
 Metaspace       used 23590K, capacity 23906K, committed 24320K, reserved 1071104K
  class space    used 2933K, capacity 2991K, committed 3072K, reserved 1048576K
Event: 5.604 GC heap after
Heap after GC invocations=3 (full 1):
 PSYoungGen      total 76288K, used 10720K [0x000000076ab00000, 0x0000000772a00000, 0x00000007c0000000)
  eden space 65536K, 0% used [0x000000076ab00000,0x000000076ab00000,0x000000076eb00000)
  from space 10752K, 99% used [0x000000076f580000,0x000000076fff8318,0x0000000770000000)
  to   space 10752K, 0% used [0x000000076eb00000,0x000000076eb00000,0x000000076f580000)
 ParOldGen       total 71680K, used 34072K [0x00000006c0000000, 0x00000006c4600000, 0x000000076ab00000)
  object space 71680K, 47% used [0x00000006c0000000,0x00000006c2146060,0x00000006c4600000)
 Metaspace       used 23590K, capacity 23906K, committed 24320K, reserved 1071104K
  class space    used 2933K, capacity 2991K, committed 3072K, reserved 1048576K
}
Event: 5.617 GC heap before
{Heap before GC invocations=4 (full 1):
 PSYoungGen      total 76288K, used 76256K [0x000000076ab00000, 0x0000000772a00000, 0x00000007c0000000)
  eden space 65536K, 100% used [0x000000076ab00000,0x000000076eb00000,0x000000076eb00000)
  from space 10752K, 99% used [0x000000076f580000,0x000000076fff8318,0x0000000770000000)
  to   space 10752K, 0% used [0x000000076eb00000,0x000000076eb00000,0x000000076f580000)
 ParOldGen       total 71680K, used 34072K [0x00000006c0000000, 0x00000006c4600000, 0x000000076ab00000)
  object space 71680K, 47% used [0x00000006c0000000,0x00000006c2146060,0x00000006c4600000)
 Metaspace       used 23592K, capacity 23906K, committed 24320K, reserved 1071104K
  class space    used 2933K, capacity 2991K, committed 3072K, reserved 1048576K
Event: 5.656 GC heap after
Heap after GC invocations=4 (full 1):
 PSYoungGen      total 76288K, used 10722K [0x000000076ab00000, 0x0000000773f00000, 0x00000007c0000000)
  eden space 65536K, 0% used [0x000000076ab00000,0x000000076ab00000,0x000000076eb00000)
  from space 10752K, 99% used [0x000000076eb00000,0x000000076f578a08,0x000000076f580000)
  to   space 10752K, 0% used [0x0000000773480000,0x0000000773480000,0x0000000773f00000)
 ParOldGen       total 102400K, used 98624K [0x00000006c0000000, 0x00000006c6400000, 0x000000076ab00000)
  object space 102400K, 96% used [0x00000006c0000000,0x00000006c6050060,0x00000006c6400000)
 Metaspace       used 23592K, capacity 23906K, committed 24320K, reserved 1071104K
  class space    used 2933K, capacity 2991K, committed 3072K, reserved 1048576K
}
Event: 5.656 GC heap before
{Heap before GC invocations=5 (full 2):
 PSYoungGen      total 76288K, used 10722K [0x000000076ab00000, 0x0000000773f00000, 0x00000007c0000000)
  eden space 65536K, 0% used [0x000000076ab00000,0x000000076ab00000,0x000000076eb00000)
  from space 10752K, 99% used [0x000000076eb00000,0x000000076f578a08,0x000000076f580000)
  to   space 10752K, 0% used [0x0000000773480000,0x0000000773480000,0x0000000773f00000)
 ParOldGen       total 102400K, used 98624K [0x00000006c0000000, 0x00000006c6400000, 0x000000076ab00000)
  object space 102400K, 96% used [0x00000006c0000000,0x00000006c6050060,0x00000006c6400000)
 Metaspace       used 23592K, capacity 23906K, committed 24320K, reserved 1071104K
  class space    used 2933K, capacity 2991K, committed 3072K, reserved 1048576K
Event: 5.962 GC heap after
Heap after GC invocations=5 (full 2):
 PSYoungGen      total 76288K, used 4061K [0x000000076ab00000, 0x0000000773f00000, 0x00000007c0000000)
  eden space 65536K, 0% used [0x000000076ab00000,0x000000076ab00000,0x000000076eb00000)
  from space 10752K, 37% used [0x000000076eb00000,0x000000076eef7530,0x000000076f580000)
  to   space 10752K, 0% used [0x0000000773480000,0x0000000773480000,0x0000000773f00000)
 ParOldGen       total 266752K, used 101983K [0x00000006c0000000, 0x00000006d0480000, 0x000000076ab00000)
  object space 266752K, 38% used [0x00000006c0000000,0x00000006c6397f10,0x00000006d0480000)
 Metaspace       used 23592K, capacity 23906K, committed 24320K, reserved 1071104K
  class space    used 2933K, capacity 2991K, committed 3072K, reserved 1048576K
}

