# JRE version: Java(TM) SE Runtime Environment (8.0_25-b17) (build 1.8.0_25-b17)
# Java VM: Java HotSpot(TM) 64-Bit Server VM (25.25-b02 mixed mode bsd-amd64 compressed oops)
Heap:
 PSYoungGen      total 76288K, used 33361K [0x000000076ab00000, 0x0000000773f00000, 0x00000007c0000000)
  eden space 65536K, 43% used [0x000000076ab00000,0x000000076c69a2e8,0x000000076eb00000)
  from space 10752K, 47% used [0x000000076eb00000,0x000000076effa2d8,0x000000076f580000)
  to   space 10752K, 0% used [0x0000000773480000,0x0000000773480000,0x0000000773f00000)
 ParOldGen       total 264704K, used 99546K [0x00000006c0000000, 0x00000006d0280000, 0x000000076ab00000)
  object space 264704K, 37% used [0x00000006c0000000,0x00000006c61369d0,0x00000006d0280000)
 Metaspace       used 25368K, capacity 25654K, committed 25856K, reserved 1071104K
  class space    used 3204K, capacity 3261K, committed 3328K, reserved 1048576K
GC Heap History (10 events):
Event: 4.465 GC heap before
{Heap before GC invocations=1 (full 0):
 PSYoungGen      total 76288K, used 62084K [0x000000076ab00000, 0x0000000770000000, 0x00000007c0000000)
  eden space 65536K, 94% used [0x000000076ab00000,0x000000076e7a10b8,0x000000076eb00000)
  from space 10752K, 0% used [0x000000076f580000,0x000000076f580000,0x0000000770000000)
  to   space 10752K, 0% used [0x000000076eb00000,0x000000076eb00000,0x000000076f580000)
 ParOldGen       total 175104K, used 0K [0x00000006c0000000, 0x00000006cab00000, 0x000000076ab00000)
  object space 175104K, 0% used [0x00000006c0000000,0x00000006c0000000,0x00000006cab00000)
 Metaspace       used 20724K, capacity 20996K, committed 21248K, reserved 1067008K
  class space    used 2645K, capacity 2704K, committed 2816K, reserved 1048576K
Event: 4.471 GC heap after
Heap after GC invocations=1 (full 0):
 PSYoungGen      total 76288K, used 6296K [0x000000076ab00000, 0x0000000770000000, 0x00000007c0000000)
  eden space 65536K, 0% used [0x000000076ab00000,0x000000076ab00000,0x000000076eb00000)
  from space 10752K, 58% used [0x000000076eb00000,0x000000076f126108,0x000000076f580000)
  to   space 10752K, 0% used [0x000000076f580000,0x000000076f580000,0x0000000770000000)
 ParOldGen       total 175104K, used 16K [0x00000006c0000000, 0x00000006cab00000, 0x000000076ab00000)
  object space 175104K, 0% used [0x00000006c0000000,0x00000006c0004000,0x00000006cab00000)
 Metaspace       used 20724K, capacity 20996K, committed 21248K, reserved 1067008K
  class space    used 2645K, capacity 2704K, committed 2816K, reserved 1048576K
}
Event: 4.471 GC heap before
{Heap before GC invocations=2 (full 1):
 PSYoungGen      total 76288K, used 6296K [0x000000076ab00000, 0x0000000770000000, 0x00000007c0000000)
  eden space 65536K, 0% used [0x000000076ab00000,0x000000076ab00000,0x000000076eb00000)
  from space 10752K, 58% used [0x000000076eb00000,0x000000076f126108,0x000000076f580000)
  to   space 10752K, 0% used [0x000000076f580000,0x000000076f580000,0x0000000770000000)
 ParOldGen       total 175104K, used 16K [0x00000006c0000000, 0x00000006cab00000, 0x000000076ab00000)
  object space 175104K, 0% used [0x00000006c0000000,0x00000006c0004000,0x00000006cab00000)
 Metaspace       used 20724K, capacity 20996K, committed 21248K, reserved 1067008K
  class space    used 2645K, capacity 2704K, committed 2816K, reserved 1048576K
Event: 4.495 GC heap after
Heap after GC invocations=2 (full 1):
 PSYoungGen      total 76288K, used 0K [0x000000076ab00000, 0x0000000770000000, 0x00000007c0000000)
  eden space 65536K, 0% used [0x000000076ab00000,0x000000076ab00000,0x000000076eb00000)
  from space 10752K, 0% used [0x000000076eb00000,0x000000076eb00000,0x000000076f580000)
  to   space 10752K, 0% used [0x000000076f580000,0x000000076f580000,0x0000000770000000)
 ParOldGen       total 71680K, used 6048K [0x00000006c0000000, 0x00000006c4600000, 0x000000076ab00000)
  object space 71680K, 8% used [0x00000006c0000000,0x00000006c05e8100,0x00000006c4600000)
 Metaspace       used 20723K, capacity 20994K, committed 21248K, reserved 1067008K
  class space    used 2644K, capacity 2703K, committed 2816K, reserved 1048576K
}
Event: 5.565 GC heap before
{Heap before GC invocations=3 (full 1):
 PSYoungGen      total 76288K, used 65536K [0x000000076ab00000, 0x0000000770000000, 0x00000007c0000000)
  eden space 65536K, 100% used [0x000000076ab00000,0x000000076eb00000,0x000000076eb00000)
  from space 10752K, 0% used [0x000000076eb00000,0x000000076eb00000,0x000000076f580000)
  to   space 10752K, 0% used [0x000000076f580000,0x000000076f580000,0x0000000770000000)
 ParOldGen       total 71680K, used 6048K [0x00000006c0000000, 0x00000006c4600000, 0x000000076ab00000)
  object space 71680K, 8% used [0x00000006c0000000,0x00000006c05e8100,0x00000006c4600000)
 Metaspace       used 23636K, capacity 23906K, committed 24320K, reserved 1071104K
  class space    used 2937K, capacity 2991K, committed 3072K, reserved 1048576K
Event: 5.585 GC heap after
Heap after GC invocations=3 (full 1):
 PSYoungGen      total 76288K, used 10735K [0x000000076ab00000, 0x0000000772880000, 0x00000007c0000000)
  eden space 65536K, 0% used [0x000000076ab00000,0x000000076ab00000,0x000000076eb00000)
  from space 10752K, 99% used [0x000000076f580000,0x000000076fffbcc0,0x0000000770000000)
  to   space 10752K, 0% used [0x000000076eb00000,0x000000076eb00000,0x000000076f580000)
 ParOldGen       total 71680K, used 31250K [0x00000006c0000000, 0x00000006c4600000, 0x000000076ab00000)
  object space 71680K, 43% used [0x00000006c0000000,0x00000006c1e84b70,0x00000006c4600000)
 Metaspace       used 23636K, capacity 23906K, committed 24320K, reserved 1071104K
  class space    used 2937K, capacity 2991K, committed 3072K, reserved 1048576K
}
Event: 5.598 GC heap before
{Heap before GC invocations=4 (full 1):
 PSYoungGen      total 76288K, used 76271K [0x000000076ab00000, 0x0000000772880000, 0x00000007c0000000)
  eden space 65536K, 100% used [0x000000076ab00000,0x000000076eb00000,0x000000076eb00000)
  from space 10752K, 99% used [0x000000076f580000,0x000000076fffbcc0,0x0000000770000000)
  to   space 10752K, 0% used [0x000000076eb00000,0x000000076eb00000,0x000000076f580000)
 ParOldGen       total 71680K, used 31250K [0x00000006c0000000, 0x00000006c4600000, 0x000000076ab00000)
  object space 71680K, 43% used [0x00000006c0000000,0x00000006c1e84b70,0x00000006c4600000)
 Metaspace       used 23638K, capacity 23906K, committed 24320K, reserved 1071104K
  class space    used 2937K, capacity 2991K, committed 3072K, reserved 1048576K
Event: 5.638 GC heap after
Heap after GC invocations=4 (full 1):
 PSYoungGen      total 76288K, used 10735K [0x000000076ab00000, 0x0000000773f00000, 0x00000007c0000000)
  eden space 65536K, 0% used [0x000000076ab00000,0x000000076ab00000,0x000000076eb00000)
  from space 10752K, 99% used [0x000000076eb00000,0x000000076f57bcc0,0x000000076f580000)
  to   space 10752K, 0% used [0x0000000773480000,0x0000000773480000,0x0000000773f00000)
 ParOldGen       total 99840K, used 97242K [0x00000006c0000000, 0x00000006c6180000, 0x000000076ab00000)
  object space 99840K, 97% used [0x00000006c0000000,0x00000006c5ef6b70,0x00000006c6180000)
 Metaspace       used 23638K, capacity 23906K, committed 24320K, reserved 1071104K
  class space    used 2937K, capacity 2991K, committed 3072K, reserved 1048576K
}
Event: 5.638 GC heap before
{Heap before GC invocations=5 (full 2):
 PSYoungGen      total 76288K, used 10735K [0x000000076ab00000, 0x0000000773f00000, 0x00000007c0000000)
  eden space 65536K, 0% used [0x000000076ab00000,0x000000076ab00000,0x000000076eb00000)
  from space 10752K, 99% used [0x000000076eb00000,0x000000076f57bcc0,0x000000076f580000)
  to   space 10752K, 0% used [0x0000000773480000,0x0000000773480000,0x0000000773f00000)
 ParOldGen       total 99840K, used 97242K [0x00000006c0000000, 0x00000006c6180000, 0x000000076ab00000)
  object space 99840K, 97% used [0x00000006c0000000,0x00000006c5ef6b70,0x00000006c6180000)
 Metaspace       used 23638K, capacity 23906K, committed 24320K, reserved 1071104K
  class space    used 2937K, capacity 2991K, committed 3072K, reserved 1048576K
Event: 5.978 GC heap after
Heap after GC invocations=5 (full 2):
 PSYoungGen      total 76288K, used 5096K [0x000000076ab00000, 0x0000000773f00000, 0x00000007c0000000)
  eden space 65536K, 0% used [0x000000076ab00000,0x000000076ab00000,0x000000076eb00000)
  from space 10752K, 47% used [0x000000076eb00000,0x000000076effa2d8,0x000000076f580000)
  to   space 10752K, 0% used [0x0000000773480000,0x0000000773480000,0x0000000773f00000)
 ParOldGen       total 264704K, used 99546K [0x00000006c0000000, 0x00000006d0280000, 0x000000076ab00000)
  object space 264704K, 37% used [0x00000006c0000000,0x00000006c61369d0,0x00000006d0280000)
 Metaspace       used 23638K, capacity 23906K, committed 24320K, reserved 1071104K
  class space    used 2937K, capacity 2991K, committed 3072K, reserved 1048576K
}

