# JRE version: Java(TM) SE Runtime Environment (8.0_25-b17) (build 1.8.0_25-b17)
# Java VM: Java HotSpot(TM) 64-Bit Server VM (25.25-b02 mixed mode bsd-amd64 compressed oops)
Heap:
 PSYoungGen      total 76288K, used 36293K [0x000000076ab00000, 0x0000000773e80000, 0x00000007c0000000)
  eden space 65536K, 43% used [0x000000076ab00000,0x000000076c695278,0x000000076eb00000)
  from space 10752K, 74% used [0x000000076eb00000,0x000000076f2dc490,0x000000076f580000)
  to   space 10752K, 0% used [0x0000000773400000,0x0000000773400000,0x0000000773e80000)
 ParOldGen       total 261120K, used 96616K [0x00000006c0000000, 0x00000006cff00000, 0x000000076ab00000)
  object space 261120K, 37% used [0x00000006c0000000,0x00000006c5e5a068,0x00000006cff00000)
 Metaspace       used 25360K, capacity 25650K, committed 25856K, reserved 1071104K
  class space    used 3204K, capacity 3261K, committed 3328K, reserved 1048576K
GC Heap History (10 events):
Event: 2.946 GC heap before
{Heap before GC invocations=1 (full 0):
 PSYoungGen      total 76288K, used 61761K [0x000000076ab00000, 0x0000000770000000, 0x00000007c0000000)
  eden space 65536K, 94% used [0x000000076ab00000,0x000000076e7504b0,0x000000076eb00000)
  from space 10752K, 0% used [0x000000076f580000,0x000000076f580000,0x0000000770000000)
  to   space 10752K, 0% used [0x000000076eb00000,0x000000076eb00000,0x000000076f580000)
 ParOldGen       total 175104K, used 0K [0x00000006c0000000, 0x00000006cab00000, 0x000000076ab00000)
  object space 175104K, 0% used [0x00000006c0000000,0x00000006c0000000,0x00000006cab00000)
 Metaspace       used 20723K, capacity 20992K, committed 21248K, reserved 1067008K
  class space    used 2645K, capacity 2704K, committed 2816K, reserved 1048576K
Event: 2.952 GC heap after
Heap after GC invocations=1 (full 0):
 PSYoungGen      total 76288K, used 6352K [0x000000076ab00000, 0x0000000770000000, 0x00000007c0000000)
  eden space 65536K, 0% used [0x000000076ab00000,0x000000076ab00000,0x000000076eb00000)
  from space 10752K, 59% used [0x000000076eb00000,0x000000076f1342d0,0x000000076f580000)
  to   space 10752K, 0% used [0x000000076f580000,0x000000076f580000,0x0000000770000000)
 ParOldGen       total 175104K, used 16K [0x00000006c0000000, 0x00000006cab00000, 0x000000076ab00000)
  object space 175104K, 0% used [0x00000006c0000000,0x00000006c0004000,0x00000006cab00000)
 Metaspace       used 20723K, capacity 20992K, committed 21248K, reserved 1067008K
  class space    used 2645K, capacity 2704K, committed 2816K, reserved 1048576K
}
Event: 2.952 GC heap before
{Heap before GC invocations=2 (full 1):
 PSYoungGen      total 76288K, used 6352K [0x000000076ab00000, 0x0000000770000000, 0x00000007c0000000)
  eden space 65536K, 0% used [0x000000076ab00000,0x000000076ab00000,0x000000076eb00000)
  from space 10752K, 59% used [0x000000076eb00000,0x000000076f1342d0,0x000000076f580000)
  to   space 10752K, 0% used [0x000000076f580000,0x000000076f580000,0x0000000770000000)
 ParOldGen       total 175104K, used 16K [0x00000006c0000000, 0x00000006cab00000, 0x000000076ab00000)
  object space 175104K, 0% used [0x00000006c0000000,0x00000006c0004000,0x00000006cab00000)
 Metaspace       used 20723K, capacity 20992K, committed 21248K, reserved 1067008K
  class space    used 2645K, capacity 2704K, committed 2816K, reserved 1048576K
Event: 2.974 GC heap after
Heap after GC invocations=2 (full 1):
 PSYoungGen      total 76288K, used 0K [0x000000076ab00000, 0x0000000770000000, 0x00000007c0000000)
  eden space 65536K, 0% used [0x000000076ab00000,0x000000076ab00000,0x000000076eb00000)
  from space 10752K, 0% used [0x000000076eb00000,0x000000076eb00000,0x000000076f580000)
  to   space 10752K, 0% used [0x000000076f580000,0x000000076f580000,0x0000000770000000)
 ParOldGen       total 71680K, used 6048K [0x00000006c0000000, 0x00000006c4600000, 0x000000076ab00000)
  object space 71680K, 8% used [0x00000006c0000000,0x00000006c05e8298,0x00000006c4600000)
 Metaspace       used 20721K, capacity 20990K, committed 21248K, reserved 1067008K
  class space    used 2645K, capacity 2703K, committed 2816K, reserved 1048576K
}
Event: 4.043 GC heap before
{Heap before GC invocations=3 (full 1):
 PSYoungGen      total 76288K, used 65536K [0x000000076ab00000, 0x0000000770000000, 0x00000007c0000000)
  eden space 65536K, 100% used [0x000000076ab00000,0x000000076eb00000,0x000000076eb00000)
  from space 10752K, 0% used [0x000000076eb00000,0x000000076eb00000,0x000000076f580000)
  to   space 10752K, 0% used [0x000000076f580000,0x000000076f580000,0x0000000770000000)
 ParOldGen       total 71680K, used 6048K [0x00000006c0000000, 0x00000006c4600000, 0x000000076ab00000)
  object space 71680K, 8% used [0x00000006c0000000,0x00000006c05e8298,0x00000006c4600000)
 Metaspace       used 23625K, capacity 23902K, committed 24320K, reserved 1071104K
  class space    used 2938K, capacity 2991K, committed 3072K, reserved 1048576K
Event: 4.064 GC heap after
Heap after GC invocations=3 (full 1):
 PSYoungGen      total 76288K, used 10720K [0x000000076ab00000, 0x0000000772580000, 0x00000007c0000000)
  eden space 65536K, 0% used [0x000000076ab00000,0x000000076ab00000,0x000000076eb00000)
  from space 10752K, 99% used [0x000000076f580000,0x000000076fff8318,0x0000000770000000)
  to   space 10752K, 0% used [0x000000076eb00000,0x000000076eb00000,0x000000076f580000)
 ParOldGen       total 71680K, used 32720K [0x00000006c0000000, 0x00000006c4600000, 0x000000076ab00000)
  object space 71680K, 45% used [0x00000006c0000000,0x00000006c1ff41f8,0x00000006c4600000)
 Metaspace       used 23625K, capacity 23902K, committed 24320K, reserved 1071104K
  class space    used 2938K, capacity 2991K, committed 3072K, reserved 1048576K
}
Event: 4.076 GC heap before
{Heap before GC invocations=4 (full 1):
 PSYoungGen      total 76288K, used 76256K [0x000000076ab00000, 0x0000000772580000, 0x00000007c0000000)
  eden space 65536K, 100% used [0x000000076ab00000,0x000000076eb00000,0x000000076eb00000)
  from space 10752K, 99% used [0x000000076f580000,0x000000076fff8318,0x0000000770000000)
  to   space 10752K, 0% used [0x000000076eb00000,0x000000076eb00000,0x000000076f580000)
 ParOldGen       total 71680K, used 32720K [0x00000006c0000000, 0x00000006c4600000, 0x000000076ab00000)
  object space 71680K, 45% used [0x00000006c0000000,0x00000006c1ff41f8,0x00000006c4600000)
 Metaspace       used 23626K, capacity 23902K, committed 24320K, reserved 1071104K
  class space    used 2938K, capacity 2991K, committed 3072K, reserved 1048576K
Event: 4.117 GC heap after
Heap after GC invocations=4 (full 1):
 PSYoungGen      total 76288K, used 10722K [0x000000076ab00000, 0x0000000773e80000, 0x00000007c0000000)
  eden space 65536K, 0% used [0x000000076ab00000,0x000000076ab00000,0x000000076eb00000)
  from space 10752K, 99% used [0x000000076eb00000,0x000000076f578a08,0x000000076f580000)
  to   space 10752K, 0% used [0x0000000773400000,0x0000000773400000,0x0000000773e80000)
 ParOldGen       total 98304K, used 97288K [0x00000006c0000000, 0x00000006c6000000, 0x000000076ab00000)
  object space 98304K, 98% used [0x00000006c0000000,0x00000006c5f021f8,0x00000006c6000000)
 Metaspace       used 23626K, capacity 23902K, committed 24320K, reserved 1071104K
  class space    used 2938K, capacity 2991K, committed 3072K, reserved 1048576K
}
Event: 4.117 GC heap before
{Heap before GC invocations=5 (full 2):
 PSYoungGen      total 76288K, used 10722K [0x000000076ab00000, 0x0000000773e80000, 0x00000007c0000000)
  eden space 65536K, 0% used [0x000000076ab00000,0x000000076ab00000,0x000000076eb00000)
  from space 10752K, 99% used [0x000000076eb00000,0x000000076f578a08,0x000000076f580000)
  to   space 10752K, 0% used [0x0000000773400000,0x0000000773400000,0x0000000773e80000)
 ParOldGen       total 98304K, used 97288K [0x00000006c0000000, 0x00000006c6000000, 0x000000076ab00000)
  object space 98304K, 98% used [0x00000006c0000000,0x00000006c5f021f8,0x00000006c6000000)
 Metaspace       used 23626K, capacity 23902K, committed 24320K, reserved 1071104K
  class space    used 2938K, capacity 2991K, committed 3072K, reserved 1048576K
Event: 4.467 GC heap after
Heap after GC invocations=5 (full 2):
 PSYoungGen      total 76288K, used 8049K [0x000000076ab00000, 0x0000000773e80000, 0x00000007c0000000)
  eden space 65536K, 0% used [0x000000076ab00000,0x000000076ab00000,0x000000076eb00000)
  from space 10752K, 74% used [0x000000076eb00000,0x000000076f2dc490,0x000000076f580000)
  to   space 10752K, 0% used [0x0000000773400000,0x0000000773400000,0x0000000773e80000)
 ParOldGen       total 261120K, used 96616K [0x00000006c0000000, 0x00000006cff00000, 0x000000076ab00000)
  object space 261120K, 37% used [0x00000006c0000000,0x00000006c5e5a068,0x00000006cff00000)
 Metaspace       used 23626K, capacity 23902K, committed 24320K, reserved 1071104K
  class space    used 2938K, capacity 2991K, committed 3072K, reserved 1048576K
}

