# JRE version: Java(TM) SE Runtime Environment (8.0_25-b17) (build 1.8.0_25-b17)
# Java VM: Java HotSpot(TM) 64-Bit Server VM (25.25-b02 mixed mode bsd-amd64 compressed oops)
Heap:
 PSYoungGen      total 76288K, used 34860K [0x000000076ab00000, 0x0000000773f00000, 0x00000007c0000000)
  eden space 65536K, 43% used [0x000000076ab00000,0x000000076c695298,0x000000076eb00000)
  from space 10752K, 61% used [0x000000076eb00000,0x000000076f175fd0,0x000000076f580000)
  to   space 10752K, 0% used [0x0000000773480000,0x0000000773480000,0x0000000773f00000)
 ParOldGen       total 263680K, used 98049K [0x00000006c0000000, 0x00000006d0180000, 0x000000076ab00000)
  object space 263680K, 37% used [0x00000006c0000000,0x00000006c5fc04a0,0x00000006d0180000)
 Metaspace       used 25355K, capacity 25654K, committed 25856K, reserved 1071104K
  class space    used 3200K, capacity 3261K, committed 3328K, reserved 1048576K
GC Heap History (10 events):
Event: 4.838 GC heap before
{Heap before GC invocations=1 (full 0):
 PSYoungGen      total 76288K, used 61762K [0x000000076ab00000, 0x0000000770000000, 0x00000007c0000000)
  eden space 65536K, 94% used [0x000000076ab00000,0x000000076e750940,0x000000076eb00000)
  from space 10752K, 0% used [0x000000076f580000,0x000000076f580000,0x0000000770000000)
  to   space 10752K, 0% used [0x000000076eb00000,0x000000076eb00000,0x000000076f580000)
 ParOldGen       total 175104K, used 0K [0x00000006c0000000, 0x00000006cab00000, 0x000000076ab00000)
  object space 175104K, 0% used [0x00000006c0000000,0x00000006c0000000,0x00000006cab00000)
 Metaspace       used 20718K, capacity 20996K, committed 21248K, reserved 1067008K
  class space    used 2647K, capacity 2704K, committed 2816K, reserved 1048576K
Event: 4.844 GC heap after
Heap after GC invocations=1 (full 0):
 PSYoungGen      total 76288K, used 6324K [0x000000076ab00000, 0x0000000770000000, 0x00000007c0000000)
  eden space 65536K, 0% used [0x000000076ab00000,0x000000076ab00000,0x000000076eb00000)
  from space 10752K, 58% used [0x000000076eb00000,0x000000076f12d0a8,0x000000076f580000)
  to   space 10752K, 0% used [0x000000076f580000,0x000000076f580000,0x0000000770000000)
 ParOldGen       total 175104K, used 16K [0x00000006c0000000, 0x00000006cab00000, 0x000000076ab00000)
  object space 175104K, 0% used [0x00000006c0000000,0x00000006c0004000,0x00000006cab00000)
 Metaspace       used 20718K, capacity 20996K, committed 21248K, reserved 1067008K
  class space    used 2647K, capacity 2704K, committed 2816K, reserved 1048576K
}
Event: 4.844 GC heap before
{Heap before GC invocations=2 (full 1):
 PSYoungGen      total 76288K, used 6324K [0x000000076ab00000, 0x0000000770000000, 0x00000007c0000000)
  eden space 65536K, 0% used [0x000000076ab00000,0x000000076ab00000,0x000000076eb00000)
  from space 10752K, 58% used [0x000000076eb00000,0x000000076f12d0a8,0x000000076f580000)
  to   space 10752K, 0% used [0x000000076f580000,0x000000076f580000,0x0000000770000000)
 ParOldGen       total 175104K, used 16K [0x00000006c0000000, 0x00000006cab00000, 0x000000076ab00000)
  object space 175104K, 0% used [0x00000006c0000000,0x00000006c0004000,0x00000006cab00000)
 Metaspace       used 20718K, capacity 20996K, committed 21248K, reserved 1067008K
  class space    used 2647K, capacity 2704K, committed 2816K, reserved 1048576K
Event: 4.866 GC heap after
Heap after GC invocations=2 (full 1):
 PSYoungGen      total 76288K, used 0K [0x000000076ab00000, 0x0000000770000000, 0x00000007c0000000)
  eden space 65536K, 0% used [0x000000076ab00000,0x000000076ab00000,0x000000076eb00000)
  from space 10752K, 0% used [0x000000076eb00000,0x000000076eb00000,0x000000076f580000)
  to   space 10752K, 0% used [0x000000076f580000,0x000000076f580000,0x0000000770000000)
 ParOldGen       total 71680K, used 6048K [0x00000006c0000000, 0x00000006c4600000, 0x000000076ab00000)
  object space 71680K, 8% used [0x00000006c0000000,0x00000006c05e8220,0x00000006c4600000)
 Metaspace       used 20717K, capacity 20994K, committed 21248K, reserved 1067008K
  class space    used 2646K, capacity 2703K, committed 2816K, reserved 1048576K
}
Event: 5.896 GC heap before
{Heap before GC invocations=3 (full 1):
 PSYoungGen      total 76288K, used 65536K [0x000000076ab00000, 0x0000000770000000, 0x00000007c0000000)
  eden space 65536K, 100% used [0x000000076ab00000,0x000000076eb00000,0x000000076eb00000)
  from space 10752K, 0% used [0x000000076eb00000,0x000000076eb00000,0x000000076f580000)
  to   space 10752K, 0% used [0x000000076f580000,0x000000076f580000,0x0000000770000000)
 ParOldGen       total 71680K, used 6048K [0x00000006c0000000, 0x00000006c4600000, 0x000000076ab00000)
  object space 71680K, 8% used [0x00000006c0000000,0x00000006c05e8220,0x00000006c4600000)
 Metaspace       used 23619K, capacity 23906K, committed 24320K, reserved 1071104K
  class space    used 2939K, capacity 2991K, committed 3072K, reserved 1048576K
Event: 5.917 GC heap after
Heap after GC invocations=3 (full 1):
 PSYoungGen      total 76288K, used 10720K [0x000000076ab00000, 0x0000000772c00000, 0x00000007c0000000)
  eden space 65536K, 0% used [0x000000076ab00000,0x000000076ab00000,0x000000076eb00000)
  from space 10752K, 99% used [0x000000076f580000,0x000000076fff8318,0x0000000770000000)
  to   space 10752K, 0% used [0x000000076eb00000,0x000000076eb00000,0x000000076f580000)
 ParOldGen       total 71680K, used 32694K [0x00000006c0000000, 0x00000006c4600000, 0x000000076ab00000)
  object space 71680K, 45% used [0x00000006c0000000,0x00000006c1fed868,0x00000006c4600000)
 Metaspace       used 23619K, capacity 23906K, committed 24320K, reserved 1071104K
  class space    used 2939K, capacity 2991K, committed 3072K, reserved 1048576K
}
Event: 5.929 GC heap before
{Heap before GC invocations=4 (full 1):
 PSYoungGen      total 76288K, used 76256K [0x000000076ab00000, 0x0000000772c00000, 0x00000007c0000000)
  eden space 65536K, 100% used [0x000000076ab00000,0x000000076eb00000,0x000000076eb00000)
  from space 10752K, 99% used [0x000000076f580000,0x000000076fff8318,0x0000000770000000)
  to   space 10752K, 0% used [0x000000076eb00000,0x000000076eb00000,0x000000076f580000)
 ParOldGen       total 71680K, used 32694K [0x00000006c0000000, 0x00000006c4600000, 0x000000076ab00000)
  object space 71680K, 45% used [0x00000006c0000000,0x00000006c1fed868,0x00000006c4600000)
 Metaspace       used 23620K, capacity 23906K, committed 24320K, reserved 1071104K
  class space    used 2939K, capacity 2991K, committed 3072K, reserved 1048576K
Event: 5.968 GC heap after
Heap after GC invocations=4 (full 1):
 PSYoungGen      total 76288K, used 10722K [0x000000076ab00000, 0x0000000773f00000, 0x00000007c0000000)
  eden space 65536K, 0% used [0x000000076ab00000,0x000000076ab00000,0x000000076eb00000)
  from space 10752K, 99% used [0x000000076eb00000,0x000000076f578a08,0x000000076f580000)
  to   space 10752K, 0% used [0x0000000773480000,0x0000000773480000,0x0000000773f00000)
 ParOldGen       total 98304K, used 97286K [0x00000006c0000000, 0x00000006c6000000, 0x000000076ab00000)
  object space 98304K, 98% used [0x00000006c0000000,0x00000006c5f01868,0x00000006c6000000)
 Metaspace       used 23620K, capacity 23906K, committed 24320K, reserved 1071104K
  class space    used 2939K, capacity 2991K, committed 3072K, reserved 1048576K
}
Event: 5.968 GC heap before
{Heap before GC invocations=5 (full 2):
 PSYoungGen      total 76288K, used 10722K [0x000000076ab00000, 0x0000000773f00000, 0x00000007c0000000)
  eden space 65536K, 0% used [0x000000076ab00000,0x000000076ab00000,0x000000076eb00000)
  from space 10752K, 99% used [0x000000076eb00000,0x000000076f578a08,0x000000076f580000)
  to   space 10752K, 0% used [0x0000000773480000,0x0000000773480000,0x0000000773f00000)
 ParOldGen       total 98304K, used 97286K [0x00000006c0000000, 0x00000006c6000000, 0x000000076ab00000)
  object space 98304K, 98% used [0x00000006c0000000,0x00000006c5f01868,0x00000006c6000000)
 Metaspace       used 23620K, capacity 23906K, committed 24320K, reserved 1071104K
  class space    used 2939K, capacity 2991K, committed 3072K, reserved 1048576K
Event: 6.340 GC heap after
Heap after GC invocations=5 (full 2):
 PSYoungGen      total 76288K, used 6615K [0x000000076ab00000, 0x0000000773f00000, 0x00000007c0000000)
  eden space 65536K, 0% used [0x000000076ab00000,0x000000076ab00000,0x000000076eb00000)
  from space 10752K, 61% used [0x000000076eb00000,0x000000076f175fd0,0x000000076f580000)
  to   space 10752K, 0% used [0x0000000773480000,0x0000000773480000,0x0000000773f00000)
 ParOldGen       total 263680K, used 98049K [0x00000006c0000000, 0x00000006d0180000, 0x000000076ab00000)
  object space 263680K, 37% used [0x00000006c0000000,0x00000006c5fc04a0,0x00000006d0180000)
 Metaspace       used 23620K, capacity 23906K, committed 24320K, reserved 1071104K
  class space    used 2939K, capacity 2991K, committed 3072K, reserved 1048576K
}

