# JRE version: Java(TM) SE Runtime Environment (8.0_25-b17) (build 1.8.0_25-b17)
# Java VM: Java HotSpot(TM) 64-Bit Server VM (25.25-b02 mixed mode bsd-amd64 compressed oops)
Heap:
 PSYoungGen      total 76288K, used 34454K [0x000000076ab00000, 0x0000000773f80000, 0x00000007c0000000)
  eden space 65536K, 40% used [0x000000076ab00000,0x000000076c528b50,0x000000076eb00000)
  from space 10752K, 71% used [0x000000076eb00000,0x000000076f27ccc0,0x000000076f580000)
  to   space 10752K, 0% used [0x0000000773500000,0x0000000773500000,0x0000000773f80000)
 ParOldGen       total 263168K, used 98041K [0x00000006c0000000, 0x00000006d0100000, 0x000000076ab00000)
  object space 263168K, 37% used [0x00000006c0000000,0x00000006c5fbe558,0x00000006d0100000)
 Metaspace       used 25335K, capacity 25654K, committed 25856K, reserved 1071104K
  class space    used 3200K, capacity 3261K, committed 3328K, reserved 1048576K
GC Heap History (10 events):
Event: 6.016 GC heap before
{Heap before GC invocations=1 (full 0):
 PSYoungGen      total 76288K, used 63072K [0x000000076ab00000, 0x0000000770000000, 0x00000007c0000000)
  eden space 65536K, 96% used [0x000000076ab00000,0x000000076e8981e0,0x000000076eb00000)
  from space 10752K, 0% used [0x000000076f580000,0x000000076f580000,0x0000000770000000)
  to   space 10752K, 0% used [0x000000076eb00000,0x000000076eb00000,0x000000076f580000)
 ParOldGen       total 175104K, used 0K [0x00000006c0000000, 0x00000006cab00000, 0x000000076ab00000)
  object space 175104K, 0% used [0x00000006c0000000,0x00000006c0000000,0x00000006cab00000)
 Metaspace       used 20760K, capacity 20996K, committed 21248K, reserved 1067008K
  class space    used 2649K, capacity 2704K, committed 2816K, reserved 1048576K
Event: 6.023 GC heap after
Heap after GC invocations=1 (full 0):
 PSYoungGen      total 76288K, used 6345K [0x000000076ab00000, 0x0000000770000000, 0x00000007c0000000)
  eden space 65536K, 0% used [0x000000076ab00000,0x000000076ab00000,0x000000076eb00000)
  from space 10752K, 59% used [0x000000076eb00000,0x000000076f1324c0,0x000000076f580000)
  to   space 10752K, 0% used [0x000000076f580000,0x000000076f580000,0x0000000770000000)
 ParOldGen       total 175104K, used 16K [0x00000006c0000000, 0x00000006cab00000, 0x000000076ab00000)
  object space 175104K, 0% used [0x00000006c0000000,0x00000006c0004000,0x00000006cab00000)
 Metaspace       used 20760K, capacity 20996K, committed 21248K, reserved 1067008K
  class space    used 2649K, capacity 2704K, committed 2816K, reserved 1048576K
}
Event: 6.023 GC heap before
{Heap before GC invocations=2 (full 1):
 PSYoungGen      total 76288K, used 6345K [0x000000076ab00000, 0x0000000770000000, 0x00000007c0000000)
  eden space 65536K, 0% used [0x000000076ab00000,0x000000076ab00000,0x000000076eb00000)
  from space 10752K, 59% used [0x000000076eb00000,0x000000076f1324c0,0x000000076f580000)
  to   space 10752K, 0% used [0x000000076f580000,0x000000076f580000,0x0000000770000000)
 ParOldGen       total 175104K, used 16K [0x00000006c0000000, 0x00000006cab00000, 0x000000076ab00000)
  object space 175104K, 0% used [0x00000006c0000000,0x00000006c0004000,0x00000006cab00000)
 Metaspace       used 20760K, capacity 20996K, committed 21248K, reserved 1067008K
  class space    used 2649K, capacity 2704K, committed 2816K, reserved 1048576K
Event: 6.046 GC heap after
Heap after GC invocations=2 (full 1):
 PSYoungGen      total 76288K, used 0K [0x000000076ab00000, 0x0000000770000000, 0x00000007c0000000)
  eden space 65536K, 0% used [0x000000076ab00000,0x000000076ab00000,0x000000076eb00000)
  from space 10752K, 0% used [0x000000076eb00000,0x000000076eb00000,0x000000076f580000)
  to   space 10752K, 0% used [0x000000076f580000,0x000000076f580000,0x0000000770000000)
 ParOldGen       total 71680K, used 6093K [0x00000006c0000000, 0x00000006c4600000, 0x000000076ab00000)
  object space 71680K, 8% used [0x00000006c0000000,0x00000006c05f3678,0x00000006c4600000)
 Metaspace       used 20759K, capacity 20994K, committed 21248K, reserved 1067008K
  class space    used 2648K, capacity 2703K, committed 2816K, reserved 1048576K
}
Event: 7.084 GC heap before
{Heap before GC invocations=3 (full 1):
 PSYoungGen      total 76288K, used 65536K [0x000000076ab00000, 0x0000000770000000, 0x00000007c0000000)
  eden space 65536K, 100% used [0x000000076ab00000,0x000000076eb00000,0x000000076eb00000)
  from space 10752K, 0% used [0x000000076eb00000,0x000000076eb00000,0x000000076f580000)
  to   space 10752K, 0% used [0x000000076f580000,0x000000076f580000,0x0000000770000000)
 ParOldGen       total 71680K, used 6093K [0x00000006c0000000, 0x00000006c4600000, 0x000000076ab00000)
  object space 71680K, 8% used [0x00000006c0000000,0x00000006c05f3678,0x00000006c4600000)
 Metaspace       used 23590K, capacity 23906K, committed 24320K, reserved 1071104K
  class space    used 2933K, capacity 2991K, committed 3072K, reserved 1048576K
Event: 7.105 GC heap after
Heap after GC invocations=3 (full 1):
 PSYoungGen      total 76288K, used 10733K [0x000000076ab00000, 0x0000000772e00000, 0x00000007c0000000)
  eden space 65536K, 0% used [0x000000076ab00000,0x000000076ab00000,0x000000076eb00000)
  from space 10752K, 99% used [0x000000076f580000,0x000000076fffb5d0,0x0000000770000000)
  to   space 10752K, 0% used [0x000000076eb00000,0x000000076eb00000,0x000000076f580000)
 ParOldGen       total 71680K, used 33742K [0x00000006c0000000, 0x00000006c4600000, 0x000000076ab00000)
  object space 71680K, 47% used [0x00000006c0000000,0x00000006c20f3bd8,0x00000006c4600000)
 Metaspace       used 23590K, capacity 23906K, committed 24320K, reserved 1071104K
  class space    used 2933K, capacity 2991K, committed 3072K, reserved 1048576K
}
Event: 7.117 GC heap before
{Heap before GC invocations=4 (full 1):
 PSYoungGen      total 76288K, used 76269K [0x000000076ab00000, 0x0000000772e00000, 0x00000007c0000000)
  eden space 65536K, 100% used [0x000000076ab00000,0x000000076eb00000,0x000000076eb00000)
  from space 10752K, 99% used [0x000000076f580000,0x000000076fffb5d0,0x0000000770000000)
  to   space 10752K, 0% used [0x000000076eb00000,0x000000076eb00000,0x000000076f580000)
 ParOldGen       total 71680K, used 33742K [0x00000006c0000000, 0x00000006c4600000, 0x000000076ab00000)
  object space 71680K, 47% used [0x00000006c0000000,0x00000006c20f3bd8,0x00000006c4600000)
 Metaspace       used 23591K, capacity 23906K, committed 24320K, reserved 1071104K
  class space    used 2933K, capacity 2991K, committed 3072K, reserved 1048576K
Event: 7.156 GC heap after
Heap after GC invocations=4 (full 1):
 PSYoungGen      total 76288K, used 10747K [0x000000076ab00000, 0x0000000773f80000, 0x00000007c0000000)
  eden space 65536K, 0% used [0x000000076ab00000,0x000000076ab00000,0x000000076eb00000)
  from space 10752K, 99% used [0x000000076eb00000,0x000000076f57ecb0,0x000000076f580000)
  to   space 10752K, 0% used [0x0000000773500000,0x0000000773500000,0x0000000773f80000)
 ParOldGen       total 98816K, used 98294K [0x00000006c0000000, 0x00000006c6080000, 0x000000076ab00000)
  object space 98816K, 99% used [0x00000006c0000000,0x00000006c5ffdbd8,0x00000006c6080000)
 Metaspace       used 23591K, capacity 23906K, committed 24320K, reserved 1071104K
  class space    used 2933K, capacity 2991K, committed 3072K, reserved 1048576K
}
Event: 7.156 GC heap before
{Heap before GC invocations=5 (full 2):
 PSYoungGen      total 76288K, used 10747K [0x000000076ab00000, 0x0000000773f80000, 0x00000007c0000000)
  eden space 65536K, 0% used [0x000000076ab00000,0x000000076ab00000,0x000000076eb00000)
  from space 10752K, 99% used [0x000000076eb00000,0x000000076f57ecb0,0x000000076f580000)
  to   space 10752K, 0% used [0x0000000773500000,0x0000000773500000,0x0000000773f80000)
 ParOldGen       total 98816K, used 98294K [0x00000006c0000000, 0x00000006c6080000, 0x000000076ab00000)
  object space 98816K, 99% used [0x00000006c0000000,0x00000006c5ffdbd8,0x00000006c6080000)
 Metaspace       used 23591K, capacity 23906K, committed 24320K, reserved 1071104K
  class space    used 2933K, capacity 2991K, committed 3072K, reserved 1048576K
Event: 7.497 GC heap after
Heap after GC invocations=5 (full 2):
 PSYoungGen      total 76288K, used 7667K [0x000000076ab00000, 0x0000000773f80000, 0x00000007c0000000)
  eden space 65536K, 0% used [0x000000076ab00000,0x000000076ab00000,0x000000076eb00000)
  from space 10752K, 71% used [0x000000076eb00000,0x000000076f27ccc0,0x000000076f580000)
  to   space 10752K, 0% used [0x0000000773500000,0x0000000773500000,0x0000000773f80000)
 ParOldGen       total 263168K, used 98041K [0x00000006c0000000, 0x00000006d0100000, 0x000000076ab00000)
  object space 263168K, 37% used [0x00000006c0000000,0x00000006c5fbe558,0x00000006d0100000)
 Metaspace       used 23591K, capacity 23906K, committed 24320K, reserved 1071104K
  class space    used 2933K, capacity 2991K, committed 3072K, reserved 1048576K
}

